# JRE version: OpenJDK Runtime Environment (8.0_242-b01) (build 1.8.0_242-release-1644-b01)
# Java VM: OpenJDK 64-Bit Server VM (25.242-b01 mixed mode windows-amd64 compressed oops)
Heap:
 PSYoungGen      total 237056K, used 110379K [0x00000000d5580000, 0x00000000e5680000, 0x0000000100000000)
  eden space 219648K, 50% used [0x00000000d5580000,0x00000000dc14af18,0x00000000e2c00000)
  from space 17408K, 0% used [0x00000000e4080000,0x00000000e4080000,0x00000000e5180000)
  to   space 20992K, 0% used [0x00000000e2c00000,0x00000000e2c00000,0x00000000e4080000)
 ParOldGen       total 136704K, used 32868K [0x0000000080000000, 0x0000000088580000, 0x00000000d5580000)
  object space 136704K, 24% used [0x0000000080000000,0x00000000820192d8,0x0000000088580000)
 Metaspace       used 61694K, capacity 64260K, committed 64432K, reserved 1103872K
  class space    used 8517K, capacity 9047K, committed 9136K, reserved 1048576K
GC Heap History (10 events):
Event: 13.517 GC heap before
{Heap before GC invocations=9 (full 1):
 PSYoungGen      total 103936K, used 47533K [0x00000000d5580000, 0x00000000e1080000, 0x0000000100000000)
  eden space 92160K, 40% used [0x00000000d5580000,0x00000000d7992608,0x00000000daf80000)
  from space 11776K, 89% used [0x00000000daf80000,0x00000000db9d9120,0x00000000dbb00000)
  to   space 12800K, 0% used [0x00000000e0400000,0x00000000e0400000,0x00000000e1080000)
 ParOldGen       total 65536K, used 7409K [0x0000000080000000, 0x0000000084000000, 0x00000000d5580000)
  object space 65536K, 11% used [0x0000000080000000,0x000000008073c568,0x0000000084000000)
 Metaspace       used 34567K, capacity 35406K, committed 35496K, reserved 1079296K
  class space    used 4739K, capacity 4974K, committed 5040K, reserved 1048576K
Event: 13.561 GC heap after
Heap after GC invocations=9 (full 1):
 PSYoungGen      total 178688K, used 8327K [0x00000000d5580000, 0x00000000e1380000, 0x0000000100000000)
  eden space 165888K, 0% used [0x00000000d5580000,0x00000000d5580000,0x00000000df780000)
  from space 12800K, 65% used [0x00000000e0400000,0x00000000e0c21c38,0x00000000e1080000)
  to   space 12800K, 0% used [0x00000000df780000,0x00000000df780000,0x00000000e0400000)
 ParOldGen       total 65536K, used 7409K [0x0000000080000000, 0x0000000084000000, 0x00000000d5580000)
  object space 65536K, 11% used [0x0000000080000000,0x000000008073c568,0x0000000084000000)
 Metaspace       used 34567K, capacity 35406K, committed 35496K, reserved 1079296K
  class space    used 4739K, capacity 4974K, committed 5040K, reserved 1048576K
}
Event: 13.561 GC heap before
{Heap before GC invocations=10 (full 2):
 PSYoungGen      total 178688K, used 8327K [0x00000000d5580000, 0x00000000e1380000, 0x0000000100000000)
  eden space 165888K, 0% used [0x00000000d5580000,0x00000000d5580000,0x00000000df780000)
  from space 12800K, 65% used [0x00000000e0400000,0x00000000e0c21c38,0x00000000e1080000)
  to   space 12800K, 0% used [0x00000000df780000,0x00000000df780000,0x00000000e0400000)
 ParOldGen       total 65536K, used 7409K [0x0000000080000000, 0x0000000084000000, 0x00000000d5580000)
  object space 65536K, 11% used [0x0000000080000000,0x000000008073c568,0x0000000084000000)
 Metaspace       used 34567K, capacity 35406K, committed 35496K, reserved 1079296K
  class space    used 4739K, capacity 4974K, committed 5040K, reserved 1048576K
Event: 13.786 GC heap after
Heap after GC invocations=10 (full 2):
 PSYoungGen      total 178688K, used 0K [0x00000000d5580000, 0x00000000e1380000, 0x0000000100000000)
  eden space 165888K, 0% used [0x00000000d5580000,0x00000000d5580000,0x00000000df780000)
  from space 12800K, 0% used [0x00000000e0400000,0x00000000e0400000,0x00000000e1080000)
  to   space 12800K, 0% used [0x00000000df780000,0x00000000df780000,0x00000000e0400000)
 ParOldGen       total 93184K, used 14834K [0x0000000080000000, 0x0000000085b00000, 0x00000000d5580000)
  object space 93184K, 15% used [0x0000000080000000,0x0000000080e7ca80,0x0000000085b00000)
 Metaspace       used 34567K, capacity 35406K, committed 35496K, reserved 1079296K
  class space    used 4739K, capacity 4974K, committed 5040K, reserved 1048576K
}
Event: 18.399 GC heap before
{Heap before GC invocations=11 (full 2):
 PSYoungGen      total 178688K, used 165888K [0x00000000d5580000, 0x00000000e1380000, 0x0000000100000000)
  eden space 165888K, 100% used [0x00000000d5580000,0x00000000df780000,0x00000000df780000)
  from space 12800K, 0% used [0x00000000e0400000,0x00000000e0400000,0x00000000e1080000)
  to   space 12800K, 0% used [0x00000000df780000,0x00000000df780000,0x00000000e0400000)
 ParOldGen       total 93184K, used 14834K [0x0000000080000000, 0x0000000085b00000, 0x00000000d5580000)
  object space 93184K, 15% used [0x0000000080000000,0x0000000080e7ca80,0x0000000085b00000)
 Metaspace       used 49451K, capacity 50954K, committed 51376K, reserved 1093632K
  class space    used 6609K, capacity 6969K, committed 7088K, reserved 1048576K
Event: 18.425 GC heap after
Heap after GC invocations=11 (full 2):
 PSYoungGen      total 178688K, used 12784K [0x00000000d5580000, 0x00000000e5180000, 0x0000000100000000)
  eden space 165888K, 0% used [0x00000000d5580000,0x00000000d5580000,0x00000000df780000)
  from space 12800K, 99% used [0x00000000df780000,0x00000000e03fc158,0x00000000e0400000)
  to   space 17408K, 0% used [0x00000000e4080000,0x00000000e4080000,0x00000000e5180000)
 ParOldGen       total 93184K, used 22503K [0x0000000080000000, 0x0000000085b00000, 0x00000000d5580000)
  object space 93184K, 24% used [0x0000000080000000,0x00000000815f9fa8,0x0000000085b00000)
 Metaspace       used 49451K, capacity 50954K, committed 51376K, reserved 1093632K
  class space    used 6609K, capacity 6969K, committed 7088K, reserved 1048576K
}
Event: 21.371 GC heap before
{Heap before GC invocations=12 (full 2):
 PSYoungGen      total 178688K, used 112553K [0x00000000d5580000, 0x00000000e5180000, 0x0000000100000000)
  eden space 165888K, 60% used [0x00000000d5580000,0x00000000db6ee398,0x00000000df780000)
  from space 12800K, 99% used [0x00000000df780000,0x00000000e03fc158,0x00000000e0400000)
  to   space 17408K, 0% used [0x00000000e4080000,0x00000000e4080000,0x00000000e5180000)
 ParOldGen       total 93184K, used 22503K [0x0000000080000000, 0x0000000085b00000, 0x00000000d5580000)
  object space 93184K, 24% used [0x0000000080000000,0x00000000815f9fa8,0x0000000085b00000)
 Metaspace       used 57078K, capacity 59016K, committed 59160K, reserved 1099776K
  class space    used 7817K, capacity 8277K, committed 8368K, reserved 1048576K
Event: 21.451 GC heap after
Heap after GC invocations=12 (full 2):
 PSYoungGen      total 237056K, used 17402K [0x00000000d5580000, 0x00000000e5680000, 0x0000000100000000)
  eden space 219648K, 0% used [0x00000000d5580000,0x00000000d5580000,0x00000000e2c00000)
  from space 17408K, 99% used [0x00000000e4080000,0x00000000e517e978,0x00000000e5180000)
  to   space 20992K, 0% used [0x00000000e2c00000,0x00000000e2c00000,0x00000000e4080000)
 ParOldGen       total 93184K, used 26070K [0x0000000080000000, 0x0000000085b00000, 0x00000000d5580000)
  object space 93184K, 27% used [0x0000000080000000,0x00000000819759d0,0x0000000085b00000)
 Metaspace       used 57078K, capacity 59016K, committed 59160K, reserved 1099776K
  class space    used 7817K, capacity 8277K, committed 8368K, reserved 1048576K
}
Event: 21.451 GC heap before
{Heap before GC invocations=13 (full 3):
 PSYoungGen      total 237056K, used 17402K [0x00000000d5580000, 0x00000000e5680000, 0x0000000100000000)
  eden space 219648K, 0% used [0x00000000d5580000,0x00000000d5580000,0x00000000e2c00000)
  from space 17408K, 99% used [0x00000000e4080000,0x00000000e517e978,0x00000000e5180000)
  to   space 20992K, 0% used [0x00000000e2c00000,0x00000000e2c00000,0x00000000e4080000)
 ParOldGen       total 93184K, used 26070K [0x0000000080000000, 0x0000000085b00000, 0x00000000d5580000)
  object space 93184K, 27% used [0x0000000080000000,0x00000000819759d0,0x0000000085b00000)
 Metaspace       used 57078K, capacity 59016K, committed 59160K, reserved 1099776K
  class space    used 7817K, capacity 8277K, committed 8368K, reserved 1048576K
Event: 21.798 GC heap after
Heap after GC invocations=13 (full 3):
 PSYoungGen      total 237056K, used 0K [0x00000000d5580000, 0x00000000e5680000, 0x0000000100000000)
  eden space 219648K, 0% used [0x00000000d5580000,0x00000000d5580000,0x00000000e2c00000)
  from space 17408K, 0% used [0x00000000e4080000,0x00000000e4080000,0x00000000e5180000)
  to   space 20992K, 0% used [0x00000000e2c00000,0x00000000e2c00000,0x00000000e4080000)
 ParOldGen       total 136704K, used 32868K [0x0000000080000000, 0x0000000088580000, 0x00000000d5580000)
  object space 136704K, 24% used [0x0000000080000000,0x00000000820192d8,0x0000000088580000)
 Metaspace       used 57078K, capacity 59016K, committed 59160K, reserved 1099776K
  class space    used 7817K, capacity 8277K, committed 8368K, reserved 1048576K
}

