# JRE version: OpenJDK Runtime Environment (8.0_242-b01) (build 1.8.0_242-release-1644-b01)
# Java VM: OpenJDK 64-Bit Server VM (25.242-b01 mixed mode windows-amd64 compressed oops)
Heap:
 PSYoungGen      total 527872K, used 57082K [0x00000000d5580000, 0x00000000f8180000, 0x0000000100000000)
  eden space 486400K, 8% used [0x00000000d5580000,0x00000000d7c69ab0,0x00000000f3080000)
  from space 41472K, 41% used [0x00000000f3080000,0x00000000f4154dd0,0x00000000f5900000)
  to   space 39936K, 0% used [0x00000000f5a80000,0x00000000f5a80000,0x00000000f8180000)
 ParOldGen       total 236032K, used 73730K [0x0000000080000000, 0x000000008e680000, 0x00000000d5580000)
  object space 236032K, 31% used [0x0000000080000000,0x0000000084800890,0x000000008e680000)
 Metaspace       used 102704K, capacity 107410K, committed 107544K, reserved 1142784K
  class space    used 13112K, capacity 14033K, committed 14128K, reserved 1048576K
GC Heap History (10 events):
Event: 1275.324 GC heap before
{Heap before GC invocations=27 (full 4):
 PSYoungGen      total 434688K, used 394684K [0x00000000d5580000, 0x00000000f5200000, 0x0000000100000000)
  eden space 389120K, 100% used [0x00000000d5580000,0x00000000ed180000,0x00000000ed180000)
  from space 45568K, 12% used [0x00000000f0280000,0x00000000f07ef318,0x00000000f2f00000)
  to   space 50176K, 0% used [0x00000000ed180000,0x00000000ed180000,0x00000000f0280000)
 ParOldGen       total 236032K, used 73714K [0x0000000080000000, 0x000000008e680000, 0x00000000d5580000)
  object space 236032K, 31% used [0x0000000080000000,0x00000000847fc890,0x000000008e680000)
 Metaspace       used 98010K, capacity 102568K, committed 102680K, reserved 1138688K
  class space    used 12613K, capacity 13526K, committed 13616K, reserved 1048576K
Event: 1275.353 GC heap after
Heap after GC invocations=27 (full 4):
 PSYoungGen      total 439296K, used 7415K [0x00000000d5580000, 0x00000000f5b00000, 0x0000000100000000)
  eden space 389120K, 0% used [0x00000000d5580000,0x00000000d5580000,0x00000000ed180000)
  from space 50176K, 14% used [0x00000000ed180000,0x00000000ed8bdc28,0x00000000f0280000)
  to   space 48640K, 0% used [0x00000000f2b80000,0x00000000f2b80000,0x00000000f5b00000)
 ParOldGen       total 236032K, used 73714K [0x0000000080000000, 0x000000008e680000, 0x00000000d5580000)
  object space 236032K, 31% used [0x0000000080000000,0x00000000847fc890,0x000000008e680000)
 Metaspace       used 98010K, capacity 102568K, committed 102680K, reserved 1138688K
  class space    used 12613K, capacity 13526K, committed 13616K, reserved 1048576K
}
Event: 1277.924 GC heap before
{Heap before GC invocations=28 (full 4):
 PSYoungGen      total 439296K, used 396535K [0x00000000d5580000, 0x00000000f5b00000, 0x0000000100000000)
  eden space 389120K, 100% used [0x00000000d5580000,0x00000000ed180000,0x00000000ed180000)
  from space 50176K, 14% used [0x00000000ed180000,0x00000000ed8bdc28,0x00000000f0280000)
  to   space 48640K, 0% used [0x00000000f2b80000,0x00000000f2b80000,0x00000000f5b00000)
 ParOldGen       total 236032K, used 73714K [0x0000000080000000, 0x000000008e680000, 0x00000000d5580000)
  object space 236032K, 31% used [0x0000000080000000,0x00000000847fc890,0x000000008e680000)
 Metaspace       used 98141K, capacity 102798K, committed 102936K, reserved 1138688K
  class space    used 12616K, capacity 13531K, committed 13616K, reserved 1048576K
Event: 1277.979 GC heap after
Heap after GC invocations=28 (full 4):
 PSYoungGen      total 483840K, used 15513K [0x00000000d5580000, 0x00000000f6600000, 0x0000000100000000)
  eden space 435200K, 0% used [0x00000000d5580000,0x00000000d5580000,0x00000000efe80000)
  from space 48640K, 31% used [0x00000000f2b80000,0x00000000f3aa65f0,0x00000000f5b00000)
  to   space 46080K, 0% used [0x00000000efe80000,0x00000000efe80000,0x00000000f2b80000)
 ParOldGen       total 236032K, used 73714K [0x0000000080000000, 0x000000008e680000, 0x00000000d5580000)
  object space 236032K, 31% used [0x0000000080000000,0x00000000847fc890,0x000000008e680000)
 Metaspace       used 98141K, capacity 102798K, committed 102936K, reserved 1138688K
  class space    used 12616K, capacity 13531K, committed 13616K, reserved 1048576K
}
Event: 1280.680 GC heap before
{Heap before GC invocations=29 (full 4):
 PSYoungGen      total 483840K, used 450713K [0x00000000d5580000, 0x00000000f6600000, 0x0000000100000000)
  eden space 435200K, 100% used [0x00000000d5580000,0x00000000efe80000,0x00000000efe80000)
  from space 48640K, 31% used [0x00000000f2b80000,0x00000000f3aa65f0,0x00000000f5b00000)
  to   space 46080K, 0% used [0x00000000efe80000,0x00000000efe80000,0x00000000f2b80000)
 ParOldGen       total 236032K, used 73714K [0x0000000080000000, 0x000000008e680000, 0x00000000d5580000)
  object space 236032K, 31% used [0x0000000080000000,0x00000000847fc890,0x000000008e680000)
 Metaspace       used 98182K, capacity 102804K, committed 102936K, reserved 1138688K
  class space    used 12617K, capacity 13532K, committed 13616K, reserved 1048576K
Event: 1280.710 GC heap after
Heap after GC invocations=29 (full 4):
 PSYoungGen      total 481280K, used 17125K [0x00000000d5580000, 0x00000000f8480000, 0x0000000100000000)
  eden space 435200K, 0% used [0x00000000d5580000,0x00000000d5580000,0x00000000efe80000)
  from space 46080K, 37% used [0x00000000efe80000,0x00000000f0f395f8,0x00000000f2b80000)
  to   space 43008K, 0% used [0x00000000f5a80000,0x00000000f5a80000,0x00000000f8480000)
 ParOldGen       total 236032K, used 73722K [0x0000000080000000, 0x000000008e680000, 0x00000000d5580000)
  object space 236032K, 31% used [0x0000000080000000,0x00000000847fe890,0x000000008e680000)
 Metaspace       used 98182K, capacity 102804K, committed 102936K, reserved 1138688K
  class space    used 12617K, capacity 13532K, committed 13616K, reserved 1048576K
}
Event: 1285.659 GC heap before
{Heap before GC invocations=30 (full 4):
 PSYoungGen      total 481280K, used 452325K [0x00000000d5580000, 0x00000000f8480000, 0x0000000100000000)
  eden space 435200K, 100% used [0x00000000d5580000,0x00000000efe80000,0x00000000efe80000)
  from space 46080K, 37% used [0x00000000efe80000,0x00000000f0f395f8,0x00000000f2b80000)
  to   space 43008K, 0% used [0x00000000f5a80000,0x00000000f5a80000,0x00000000f8480000)
 ParOldGen       total 236032K, used 73722K [0x0000000080000000, 0x000000008e680000, 0x00000000d5580000)
  object space 236032K, 31% used [0x0000000080000000,0x00000000847fe890,0x000000008e680000)
 Metaspace       used 98368K, capacity 102958K, committed 103192K, reserved 1138688K
  class space    used 12622K, capacity 13535K, committed 13616K, reserved 1048576K
Event: 1285.710 GC heap after
Heap after GC invocations=30 (full 4):
 PSYoungGen      total 526336K, used 9611K [0x00000000d5580000, 0x00000000f8180000, 0x0000000100000000)
  eden space 486400K, 0% used [0x00000000d5580000,0x00000000d5580000,0x00000000f3080000)
  from space 39936K, 24% used [0x00000000f5a80000,0x00000000f63e2d98,0x00000000f8180000)
  to   space 41472K, 0% used [0x00000000f3080000,0x00000000f3080000,0x00000000f5900000)
 ParOldGen       total 236032K, used 73722K [0x0000000080000000, 0x000000008e680000, 0x00000000d5580000)
  object space 236032K, 31% used [0x0000000080000000,0x00000000847fe890,0x000000008e680000)
 Metaspace       used 98368K, capacity 102958K, committed 103192K, reserved 1138688K
  class space    used 12622K, capacity 13535K, committed 13616K, reserved 1048576K
}
Event: 1297.940 GC heap before
{Heap before GC invocations=31 (full 4):
 PSYoungGen      total 526336K, used 496011K [0x00000000d5580000, 0x00000000f8180000, 0x0000000100000000)
  eden space 486400K, 100% used [0x00000000d5580000,0x00000000f3080000,0x00000000f3080000)
  from space 39936K, 24% used [0x00000000f5a80000,0x00000000f63e2d98,0x00000000f8180000)
  to   space 41472K, 0% used [0x00000000f3080000,0x00000000f3080000,0x00000000f5900000)
 ParOldGen       total 236032K, used 73722K [0x0000000080000000, 0x000000008e680000, 0x00000000d5580000)
  object space 236032K, 31% used [0x0000000080000000,0x00000000847fe890,0x000000008e680000)
 Metaspace       used 102696K, capacity 107410K, committed 107544K, reserved 1142784K
  class space    used 13112K, capacity 14033K, committed 14128K, reserved 1048576K
Event: 1297.981 GC heap after
Heap after GC invocations=31 (full 4):
 PSYoungGen      total 527872K, used 17235K [0x00000000d5580000, 0x00000000f8180000, 0x0000000100000000)
  eden space 486400K, 0% used [0x00000000d5580000,0x00000000d5580000,0x00000000f3080000)
  from space 41472K, 41% used [0x00000000f3080000,0x00000000f4154dd0,0x00000000f5900000)
  to   space 39936K, 0% used [0x00000000f5a80000,0x00000000f5a80000,0x00000000f8180000)
 ParOldGen       total 236032K, used 73730K [0x0000000080000000, 0x000000008e680000, 0x00000000d5580000)
  object space 236032K, 31% used [0x0000000080000000,0x0000000084800890,0x000000008e680000)
 Metaspace       used 102696K, capacity 107410K, committed 107544K, reserved 1142784K
  class space    used 13112K, capacity 14033K, committed 14128K, reserved 1048576K
}

